INFO    -  Building documentation...
INFO    -  Cleaning site directory
INFO    -  Documentation built in 0.24 seconds
INFO    -  [00:47:36] Watching paths for changes: 'content', 'mkdocs.yml'
INFO    -  [00:47:36] Serving on http://127.0.0.1:8000/
INFO    -  [00:48:01] Browser connected: http://127.0.0.1:8000/
INFO    -  [19:29:22] Detected file changes
INFO    -  Building documentation...
INFO    -  Documentation built in 0.29 seconds
INFO    -  [19:29:23] Reloading browsers
INFO    -  [19:29:30] Detected file changes
INFO    -  Building documentation...
INFO    -  Documentation built in 0.19 seconds
INFO    -  [19:29:30] Reloading browsers
INFO    -  [19:30:11] Detected file changes
INFO    -  Building documentation...
INFO    -  [19:30:12] Reloading browsers
INFO    -  [19:32:17] Detected file changes
INFO    -  Building documentation...
INFO    -  Documentation built in 0.23 seconds
INFO    -  [19:32:17] Reloading browsers
INFO    -  [19:42:46] Detected file changes
INFO    -  Building documentation...
INFO    -  Documentation built in 0.31 seconds
INFO    -  [19:42:46] Reloading browsers
INFO    -  [19:42:46] Detected file changes
INFO    -  Building documentation...
INFO    -  Documentation built in 0.20 seconds
INFO    -  [19:42:47] Reloading browsers
INFO    -  [19:42:47] Detected file changes
INFO    -  Building documentation...
INFO    -  [19:42:48] Reloading browsers
INFO    -  [19:42:48] Detected file changes
INFO    -  Building documentation...
INFO    -  [19:42:48] Reloading browsers
INFO    -  [22:35:41] Detected file changes
INFO    -  Building documentation...
INFO    -  Documentation built in 0.22 seconds
INFO    -  [22:35:41] Reloading browsers
INFO    -  [22:37:37] Detected file changes
INFO    -  Building documentation...
INFO    -  Documentation built in 0.21 seconds
INFO    -  [22:37:37] Reloading browsers
INFO    -  [22:38:17] Detected file changes
INFO    -  Building documentation...
INFO    -  [22:38:17] Reloading browsers
INFO    -  [22:38:21] Detected file changes
INFO    -  Building documentation...
INFO    -  [22:38:22] Reloading browsers
INFO    -  [22:39:05] Detected file changes
INFO    -  Building documentation...
INFO    -  [22:39:05] Reloading browsers
INFO    -  [22:40:13] Detected file changes
INFO    -  Building documentation...
INFO    -  [22:40:13] Reloading browsers
INFO    -  [22:40:24] Detected file changes
INFO    -  Building documentation...
INFO    -  [22:40:25] Reloading browsers
INFO    -  [22:40:29] Detected file changes
INFO    -  Building documentation...
INFO    -  [22:40:29] Reloading browsers
INFO    -  [22:40:48] Detected file changes
INFO    -  Building documentation...
INFO    -  [22:40:49] Reloading browsers
